<?xml version="1.0" encoding="UTF-8"?>
<!-- Generated by org.testng.reporters.JUnitXMLReporter -->
<testsuite ignored="0" hostname="DESKTOP-SHA" failures="1" tests="2" name="Test" time="12.48" errors="0" timestamp="2021-03-24T20:29:42 EDT">
  <testcase classname="com.ogarngesHRM.testcases.LoginTest" name="login_001" time="1.555"/>
  <testcase classname="com.ogarngesHRM.testcases.CreateUserTest" name="createUser_001" time="0.086">
    <failure type="org.testng.internal.reflect.MethodMatcherException" message="
[public void com.ogarngesHRM.testcases.CreateUserTest.createUser_001(java.lang.String,java.lang.String,java.lang.String,java.lang.String,java.lang.String,java.lang.String)] has no parameters defined but was found to be using a data provider (either explicitly specified or inherited from class level annotation).
Data provider mismatch
Method: createUser_001([Parameter{index=0, type=java.lang.String, declaredAnnotations=[]}, Parameter{index=1, type=java.lang.String, declaredAnnotations=[]}, Parameter{index=2, type=java.lang.String, declaredAnnotations=[]}, Parameter{index=3, type=java.lang.String, declaredAnnotations=[]}, Parameter{index=4, type=java.lang.String, declaredAnnotations=[]}, Parameter{index=5, type=java.lang.String, declaredAnnotations=[]}])
Arguments: [(java.lang.String) Admin,(java.lang.String) John Smith,(java.lang.String) Mamun_50,(java.lang.String) Mamun_50,(java.lang.String) Mamun_50]">
      <![CDATA[org.testng.internal.reflect.MethodMatcherException: 
[public void com.ogarngesHRM.testcases.CreateUserTest.createUser_001(java.lang.String,java.lang.String,java.lang.String,java.lang.String,java.lang.String,java.lang.String)] has no parameters defined but was found to be using a data provider (either explicitly specified or inherited from class level annotation).
Data provider mismatch
Method: createUser_001([Parameter{index=0, type=java.lang.String, declaredAnnotations=[]}, Parameter{index=1, type=java.lang.String, declaredAnnotations=[]}, Parameter{index=2, type=java.lang.String, declaredAnnotations=[]}, Parameter{index=3, type=java.lang.String, declaredAnnotations=[]}, Parameter{index=4, type=java.lang.String, declaredAnnotations=[]}, Parameter{index=5, type=java.lang.String, declaredAnnotations=[]}])
Arguments: [(java.lang.String) Admin,(java.lang.String) John Smith,(java.lang.String) Mamun_50,(java.lang.String) Mamun_50,(java.lang.String) Mamun_50]
at java.base/java.util.ArrayList.forEach(ArrayList.java:1540)
... Removed 22 stack frames]]>
    </failure>
  </testcase> <!-- createUser_001 -->
</testsuite> <!-- Test -->
