<?xml version="1.0" encoding="UTF-8"?>
<!-- Generated by org.testng.reporters.JUnitXMLReporter -->
<testsuite ignored="0" hostname="DESKTOP-SHA" failures="0" tests="6" name="Test" time="30.716" errors="0" timestamp="2021-03-31T23:15:15 EDT">
  <testcase classname="com.ogarngesHRM.testcases.CreateUserTest2" name="login_001" time="3.19"/>
  <testcase classname="com.ogarngesHRM.testcases.CreateUserTest2" name="createUser_001" time="2.613"/>
  <testcase classname="com.ogarngesHRM.testcases.CreateUserTest2" name="createUser_001" time="2.208"/>
  <testcase classname="com.ogarngesHRM.testcases.CreateUserTest2" name="createUser_001" time="6.268"/>
  <testcase classname="com.ogarngesHRM.testcases.CreateUserTest2" name="createUser_001" time="2.602"/>
  <testcase classname="com.ogarngesHRM.testcases.CreateUserTest2" name="logout_002" time="0.647"/>
</testsuite> <!-- Test -->
