<?xml version="1.0" encoding="UTF-8"?>
<!-- Generated by org.testng.reporters.JUnitXMLReporter -->
<testsuite ignored="0" hostname="DESKTOP-SHA" failures="0" tests="6" name="Test" time="33.129" errors="0" timestamp="2021-04-07T23:58:06 EDT">
  <testcase classname="com.ogarngesHRM.testcases.CreateUserTest2" name="login_001" time="4.903"/>
  <testcase classname="com.ogarngesHRM.testcases.CreateUserTest2" name="createUser_001" time="3.763"/>
  <testcase classname="com.ogarngesHRM.testcases.CreateUserTest2" name="createUser_001" time="4.683"/>
  <testcase classname="com.ogarngesHRM.testcases.CreateUserTest2" name="createUser_001" time="3.44"/>
  <testcase classname="com.ogarngesHRM.testcases.CreateUserTest2" name="createUser_001" time="3.198"/>
  <testcase classname="com.ogarngesHRM.testcases.CreateUserTest2" name="logout_002" time="0.851"/>
</testsuite> <!-- Test -->
