<?xml version="1.0" encoding="UTF-8"?>
<testsuite xmlns:xsi="http://www.w3.org/2001/XMLSchema-instance" xsi:noNamespaceSchemaLocation="https://maven.apache.org/surefire/maven-surefire-plugin/xsd/surefire-test-report-3.0.xsd" version="3.0" name="TestSuite" time="24.485" tests="2" errors="0" skipped="0" failures="0">
  <properties>
[...]
</properties>
  <testcase name="login_001[Admin, admin123](1)" classname="com.ogarngesHRM.testcases.LoginTest" time="3.784">
    <system-out><![CDATA[*****Start Browser on BrowserStack with bellow details:*****
OS Name Windows
OS Version 10
Browser Name chrome
Browser Version 88.0
Application url https://opensource-demo.orangehrmlive.com/
**********Browser is to going Start and run the test ***********
Sheet Name: logininfo
******Test Data Generated*********
Report Generated for: login_001
Login Test Case....
Login Successfully.
]]></system-out>
    <system-err><![CDATA[Apr 24, 2021 4:06:08 PM org.openqa.selenium.remote.tracing.opentelemetry.OpenTelemetryTracer createTracer
INFO: Using OpenTelemetry for tracing
SLF4J: Failed to load class "org.slf4j.impl.StaticLoggerBinder".
SLF4J: Defaulting to no-operation (NOP) logger implementation
SLF4J: See http://www.slf4j.org/codes.html#StaticLoggerBinder for further details.
Apr 24, 2021 4:06:15 PM org.openqa.selenium.remote.ProtocolHandshake createSession
INFO: Detected dialect: OSS
]]></system-err>
  </testcase>
  <testcase name="logout_002" classname="com.ogarngesHRM.testcases.LoginTest" time="1.677">
    <system-out><![CDATA[Test Passed: login_001
Report Generated for: logout_002
]]></system-out>
  </testcase>
</testsuite>