<?xml version="1.0" encoding="UTF-8"?>
<testng-results ignored="0" total="2" passed="2" failed="0" skipped="0">
  <reporter-output>
  </reporter-output>
  <suite started-at="2021-04-20T18:01:25 EDT" name="Suite" finished-at="2021-04-20T18:01:36 EDT" duration-ms="11375">
    <groups>
    </groups>
    <test started-at="2021-04-20T18:01:25 EDT" name="loginTest" finished-at="2021-04-20T18:01:36 EDT" duration-ms="11375">
      <class name="com.ogarngesHRM.testcases.LoginTest">
        <test-method is-config="true" signature="startBrowser(java.lang.String, java.lang.String)[pri:0, instance:com.ogarngesHRM.testcases.LoginTest@61710c6]" started-at="2021-04-20T18:01:25 EDT" name="startBrowser" finished-at="2021-04-20T18:01:31 EDT" duration-ms="6319" status="PASS">
          <params>
            <param index="0">
              <value>
                <![CDATA[chrome]]>
              </value>
            </param>
            <param index="1">
              <value>
                <![CDATA[https://opensource-demo.orangehrmlive.com/]]>
              </value>
            </param>
          </params>
          <reporter-output>
          </reporter-output>
        </test-method> <!-- startBrowser -->
        <test-method signature="login_001(java.lang.String, java.lang.String)[pri:0, instance:com.ogarngesHRM.testcases.LoginTest@61710c6]" started-at="2021-04-20T18:01:33 EDT" name="login_001" data-provider="TestData" finished-at="2021-04-20T18:01:36 EDT" duration-ms="3030" status="PASS">
          <params>
            <param index="0">
              <value>
                <![CDATA[Admin]]>
              </value>
            </param>
            <param index="1">
              <value>
                <![CDATA[admin123]]>
              </value>
            </param>
          </params>
          <reporter-output>
          </reporter-output>
        </test-method> <!-- login_001 -->
        <test-method signature="logout_002()[pri:0, instance:com.ogarngesHRM.testcases.LoginTest@61710c6]" started-at="2021-04-20T18:01:36 EDT" name="logout_002" finished-at="2021-04-20T18:01:36 EDT" duration-ms="546" status="PASS">
          <reporter-output>
          </reporter-output>
        </test-method> <!-- logout_002 -->
        <test-method is-config="true" signature="closeBroswer()[pri:0, instance:com.ogarngesHRM.testcases.LoginTest@61710c6]" started-at="2021-04-20T18:01:36 EDT" name="closeBroswer" finished-at="2021-04-20T18:01:36 EDT" duration-ms="151" status="PASS">
          <reporter-output>
          </reporter-output>
        </test-method> <!-- closeBroswer -->
      </class> <!-- com.ogarngesHRM.testcases.LoginTest -->
    </test> <!-- loginTest -->
  </suite> <!-- Suite -->
</testng-results>
