<?xml version="1.0" encoding="UTF-8"?>
<testng-results ignored="0" total="1" passed="1" failed="0" skipped="0">
  <reporter-output>
  </reporter-output>
  <suite started-at="2021-04-17T16:22:10 EDT" name="Default suite" finished-at="2021-04-17T16:22:34 EDT" duration-ms="24468">
    <groups>
    </groups>
    <test started-at="2021-04-17T16:22:10 EDT" name="Default test" finished-at="2021-04-17T16:22:34 EDT" duration-ms="24468">
      <class name="com.ogarngesHRM.grid.DemoSeleniumGrid">
        <test-method signature="testBrowserStack()[pri:0, instance:com.ogarngesHRM.grid.DemoSeleniumGrid@31b82e0f]" started-at="2021-04-17T16:22:10 EDT" name="testBrowserStack" finished-at="2021-04-17T16:22:34 EDT" duration-ms="24363" status="PASS">
          <reporter-output>
          </reporter-output>
        </test-method> <!-- testBrowserStack -->
      </class> <!-- com.ogarngesHRM.grid.DemoSeleniumGrid -->
    </test> <!-- Default test -->
  </suite> <!-- Default suite -->
</testng-results>
